<?xml version="1.0" encoding="UTF-8"?>
<testng-results ignored="0" total="2" passed="1" failed="1" skipped="0">
  <reporter-output>
  </reporter-output>
  <suite started-at="2021-09-21T00:41:12 CDT" name="Default suite" finished-at="2021-09-21T00:41:14 CDT" duration-ms="2304">
    <groups>
    </groups>
    <test started-at="2021-09-21T00:41:12 CDT" name="Default test" finished-at="2021-09-21T00:41:14 CDT" duration-ms="2304">
      <class name="com.jobs.test.restapi.PostApiTest">
        <test-method signature="testCreateProgram(java.lang.String,java.lang.String,java.lang.String,java.lang.String,java.lang.String,java.lang.String,java.lang.String)[pri:0, instance:com.jobs.test.restapi.PostApiTest@28f3b248]" started-at="2021-09-21T00:41:12 CDT" name="testCreateProgram" data-provider="getCreateProgramApiData" finished-at="2021-09-21T00:41:14 CDT" duration-ms="1525" status="FAIL">
          <params>
            <param index="0">
              <value>
                <![CDATA["2500"]]>
              </value>
            </param>
            <param index="1">
              <value>
                <![CDATA["SDET14"]]>
              </value>
            </param>
            <param index="2">
              <value>
                <![CDATA["New York"]]>
              </value>
            </param>
            <param index="3">
              <value>
                <![CDATA["Amazon"]]>
              </value>
            </param>
            <param index="4">
              <value>
                <![CDATA["Full Time"]]>
              </value>
            </param>
            <param index="5">
              <value>
                <![CDATA["2 minutes"]]>
              </value>
            </param>
            <param index="6">
              <value>
                <![CDATA["gfjgkjhnlk"]]>
              </value>
            </param>
          </params>
          <exception class="java.lang.AssertionError">
            <message>
              <![CDATA[expected [200] but found [409]]]>
            </message>
            <full-stacktrace>
              <![CDATA[java.lang.AssertionError: expected [200] but found [409]
at org.testng.Assert.fail(Assert.java:99)
at org.testng.Assert.failNotEquals(Assert.java:1037)
at org.testng.Assert.assertEqualsImpl(Assert.java:140)
at org.testng.Assert.assertEquals(Assert.java:122)
at org.testng.Assert.assertEquals(Assert.java:907)
at org.testng.Assert.assertEquals(Assert.java:917)
at com.jobs.test.restapi.PostApiTest.testCreateProgram(PostApiTest.java:47)
at java.base/jdk.internal.reflect.NativeMethodAccessorImpl.invoke0(Native Method)
at java.base/jdk.internal.reflect.NativeMethodAccessorImpl.invoke(NativeMethodAccessorImpl.java:62)
at java.base/jdk.internal.reflect.DelegatingMethodAccessorImpl.invoke(DelegatingMethodAccessorImpl.java:43)
at java.base/java.lang.reflect.Method.invoke(Method.java:566)
at org.testng.internal.MethodInvocationHelper.invokeMethod(MethodInvocationHelper.java:133)
at org.testng.internal.TestInvoker.invokeMethod(TestInvoker.java:598)
at org.testng.internal.TestInvoker.invokeTestMethod(TestInvoker.java:173)
at org.testng.internal.MethodRunner.runInSequence(MethodRunner.java:46)
at org.testng.internal.TestInvoker$MethodInvocationAgent.invoke(TestInvoker.java:824)
at org.testng.internal.TestInvoker.invokeTestMethods(TestInvoker.java:146)
at org.testng.internal.TestMethodWorker.invokeTestMethods(TestMethodWorker.java:146)
at org.testng.internal.TestMethodWorker.run(TestMethodWorker.java:128)
at java.base/java.util.ArrayList.forEach(ArrayList.java:1541)
at org.testng.TestRunner.privateRun(TestRunner.java:794)
at org.testng.TestRunner.run(TestRunner.java:596)
at org.testng.SuiteRunner.runTest(SuiteRunner.java:377)
at org.testng.SuiteRunner.runSequentially(SuiteRunner.java:371)
at org.testng.SuiteRunner.privateRun(SuiteRunner.java:332)
at org.testng.SuiteRunner.run(SuiteRunner.java:276)
at org.testng.SuiteRunnerWorker.runSuite(SuiteRunnerWorker.java:53)
at org.testng.SuiteRunnerWorker.run(SuiteRunnerWorker.java:96)
at org.testng.TestNG.runSuitesSequentially(TestNG.java:1212)
at org.testng.TestNG.runSuitesLocally(TestNG.java:1134)
at org.testng.TestNG.runSuites(TestNG.java:1063)
at org.testng.TestNG.run(TestNG.java:1031)
at org.testng.remote.AbstractRemoteTestNG.run(AbstractRemoteTestNG.java:115)
at org.testng.remote.RemoteTestNG.initAndRun(RemoteTestNG.java:251)
at org.testng.remote.RemoteTestNG.main(RemoteTestNG.java:77)
]]>
            </full-stacktrace>
          </exception> <!-- java.lang.AssertionError -->
          <reporter-output>
          </reporter-output>
        </test-method> <!-- testCreateProgram -->
        <test-method signature="testCreateProgram(java.lang.String,java.lang.String,java.lang.String,java.lang.String,java.lang.String,java.lang.String,java.lang.String)[pri:0, instance:com.jobs.test.restapi.PostApiTest@28f3b248]" started-at="2021-09-21T00:41:14 CDT" name="testCreateProgram" data-provider="getCreateProgramApiData" finished-at="2021-09-21T00:41:14 CDT" duration-ms="293" status="PASS">
          <params>
            <param index="0">
              <value>
                <![CDATA["2600"]]>
              </value>
            </param>
            <param index="1">
              <value>
                <![CDATA["SDET14"]]>
              </value>
            </param>
            <param index="2">
              <value>
                <![CDATA["Dallas"]]>
              </value>
            </param>
            <param index="3">
              <value>
                <![CDATA["Microsoft"]]>
              </value>
            </param>
            <param index="4">
              <value>
                <![CDATA["Contractor"]]>
              </value>
            </param>
            <param index="5">
              <value>
                <![CDATA["3 minutes"]]>
              </value>
            </param>
            <param index="6">
              <value>
                <![CDATA["fufjhuk"]]>
              </value>
            </param>
          </params>
          <reporter-output>
          </reporter-output>
        </test-method> <!-- testCreateProgram -->
      </class> <!-- com.jobs.test.restapi.PostApiTest -->
    </test> <!-- Default test -->
  </suite> <!-- Default suite -->
</testng-results>
